Determining if the function sgemm_ exists failed with the following output:
Change Dir: /home/leonicy/SLAM2.0/slambook2/ch6/build_ceres/CMakeFiles/CMakeTmp

Run Build Command(s):/usr/bin/make cmTC_faa3b/fast && /usr/bin/make -f CMakeFiles/cmTC_faa3b.dir/build.make CMakeFiles/cmTC_faa3b.dir/build
make[1]: 进入目录“/home/leonicy/SLAM2.0/slambook2/ch6/build_ceres/CMakeFiles/CMakeTmp”
Building C object CMakeFiles/cmTC_faa3b.dir/CheckFunctionExists.c.o
/usr/bin/cc   -DCHECK_FUNCTION_EXISTS=sgemm_   -o CMakeFiles/cmTC_faa3b.dir/CheckFunctionExists.c.o   -c /usr/share/cmake-3.16/Modules/CheckFunctionExists.c
Linking C executable cmTC_faa3b
/usr/bin/cmake -E cmake_link_script CMakeFiles/cmTC_faa3b.dir/link.txt --verbose=1
/usr/bin/cc  -DCHECK_FUNCTION_EXISTS=sgemm_    -rdynamic CMakeFiles/cmTC_faa3b.dir/CheckFunctionExists.c.o  -o cmTC_faa3b 
/usr/bin/ld: CMakeFiles/cmTC_faa3b.dir/CheckFunctionExists.c.o: in function `main':
CheckFunctionExists.c:(.text+0x14): undefined reference to `sgemm_'
collect2: error: ld returned 1 exit status
make[1]: *** [CMakeFiles/cmTC_faa3b.dir/build.make:87：cmTC_faa3b] 错误 1
make[1]: 离开目录“/home/leonicy/SLAM2.0/slambook2/ch6/build_ceres/CMakeFiles/CMakeTmp”
make: *** [Makefile:121：cmTC_faa3b/fast] 错误 2



Performing C SOURCE FILE Test CMAKE_HAVE_LIBC_PTHREAD failed with the following output:
Change Dir: /home/leonicy/SLAM2.0/slambook2/ch6/build_ceres/CMakeFiles/CMakeTmp

Run Build Command(s):/usr/bin/make cmTC_2c40f/fast && /usr/bin/make -f CMakeFiles/cmTC_2c40f.dir/build.make CMakeFiles/cmTC_2c40f.dir/build
make[1]: 进入目录“/home/leonicy/SLAM2.0/slambook2/ch6/build_ceres/CMakeFiles/CMakeTmp”
Building C object CMakeFiles/cmTC_2c40f.dir/src.c.o
/usr/bin/cc   -DCMAKE_HAVE_LIBC_PTHREAD   -o CMakeFiles/cmTC_2c40f.dir/src.c.o   -c /home/leonicy/SLAM2.0/slambook2/ch6/build_ceres/CMakeFiles/CMakeTmp/src.c
Linking C executable cmTC_2c40f
/usr/bin/cmake -E cmake_link_script CMakeFiles/cmTC_2c40f.dir/link.txt --verbose=1
/usr/bin/cc  -DCMAKE_HAVE_LIBC_PTHREAD    -rdynamic CMakeFiles/cmTC_2c40f.dir/src.c.o  -o cmTC_2c40f 
/usr/bin/ld: CMakeFiles/cmTC_2c40f.dir/src.c.o: in function `main':
src.c:(.text+0x46): undefined reference to `pthread_create'
/usr/bin/ld: src.c:(.text+0x52): undefined reference to `pthread_detach'
/usr/bin/ld: src.c:(.text+0x63): undefined reference to `pthread_join'
collect2: error: ld returned 1 exit status
make[1]: *** [CMakeFiles/cmTC_2c40f.dir/build.make:87：cmTC_2c40f] 错误 1
make[1]: 离开目录“/home/leonicy/SLAM2.0/slambook2/ch6/build_ceres/CMakeFiles/CMakeTmp”
make: *** [Makefile:121：cmTC_2c40f/fast] 错误 2


Source file was:
#include <pthread.h>

void* test_func(void* data)
{
  return data;
}

int main(void)
{
  pthread_t thread;
  pthread_create(&thread, NULL, test_func, NULL);
  pthread_detach(thread);
  pthread_join(thread, NULL);
  pthread_atfork(NULL, NULL, NULL);
  pthread_exit(NULL);

  return 0;
}

Determining if the function pthread_create exists in the pthreads failed with the following output:
Change Dir: /home/leonicy/SLAM2.0/slambook2/ch6/build_ceres/CMakeFiles/CMakeTmp

Run Build Command(s):/usr/bin/make cmTC_2b19f/fast && /usr/bin/make -f CMakeFiles/cmTC_2b19f.dir/build.make CMakeFiles/cmTC_2b19f.dir/build
make[1]: 进入目录“/home/leonicy/SLAM2.0/slambook2/ch6/build_ceres/CMakeFiles/CMakeTmp”
Building C object CMakeFiles/cmTC_2b19f.dir/CheckFunctionExists.c.o
/usr/bin/cc   -DCHECK_FUNCTION_EXISTS=pthread_create   -o CMakeFiles/cmTC_2b19f.dir/CheckFunctionExists.c.o   -c /usr/share/cmake-3.16/Modules/CheckFunctionExists.c
Linking C executable cmTC_2b19f
/usr/bin/cmake -E cmake_link_script CMakeFiles/cmTC_2b19f.dir/link.txt --verbose=1
/usr/bin/cc  -DCHECK_FUNCTION_EXISTS=pthread_create    -rdynamic CMakeFiles/cmTC_2b19f.dir/CheckFunctionExists.c.o  -o cmTC_2b19f  -lpthreads 
/usr/bin/ld: 找不到 -lpthreads
collect2: error: ld returned 1 exit status
make[1]: *** [CMakeFiles/cmTC_2b19f.dir/build.make:87：cmTC_2b19f] 错误 1
make[1]: 离开目录“/home/leonicy/SLAM2.0/slambook2/ch6/build_ceres/CMakeFiles/CMakeTmp”
make: *** [Makefile:121：cmTC_2b19f/fast] 错误 2



Determining if the function cheev_ exists failed with the following output:
Change Dir: /home/leonicy/SLAM2.0/slambook2/ch6/build_ceres/CMakeFiles/CMakeTmp

Run Build Command(s):/usr/bin/make cmTC_f7992/fast && /usr/bin/make -f CMakeFiles/cmTC_f7992.dir/build.make CMakeFiles/cmTC_f7992.dir/build
make[1]: 进入目录“/home/leonicy/SLAM2.0/slambook2/ch6/build_ceres/CMakeFiles/CMakeTmp”
Building C object CMakeFiles/cmTC_f7992.dir/CheckFunctionExists.c.o
/usr/bin/cc   -DCHECK_FUNCTION_EXISTS=cheev_   -o CMakeFiles/cmTC_f7992.dir/CheckFunctionExists.c.o   -c /usr/share/cmake-3.16/Modules/CheckFunctionExists.c
Linking C executable cmTC_f7992
/usr/bin/cmake -E cmake_link_script CMakeFiles/cmTC_f7992.dir/link.txt --verbose=1
/usr/bin/cc  -DCHECK_FUNCTION_EXISTS=cheev_    -rdynamic CMakeFiles/cmTC_f7992.dir/CheckFunctionExists.c.o  -o cmTC_f7992  /usr/lib/x86_64-linux-gnu/libblas.so 
/usr/bin/ld: CMakeFiles/cmTC_f7992.dir/CheckFunctionExists.c.o: in function `main':
CheckFunctionExists.c:(.text+0x14): undefined reference to `cheev_'
collect2: error: ld returned 1 exit status
make[1]: *** [CMakeFiles/cmTC_f7992.dir/build.make:88：cmTC_f7992] 错误 1
make[1]: 离开目录“/home/leonicy/SLAM2.0/slambook2/ch6/build_ceres/CMakeFiles/CMakeTmp”
make: *** [Makefile:121：cmTC_f7992/fast] 错误 2



